── Attaching core tidyverse packages ──────────────────────── tidyverse 2.0.0 ──
✔ dplyr     1.1.2     ✔ readr     2.1.4
✔ forcats   1.0.0     ✔ stringr   1.5.0
✔ ggplot2   3.4.3     ✔ tibble    3.2.1
✔ lubridate 1.9.2     ✔ tidyr     1.3.0
✔ purrr     1.0.2     
── Conflicts ────────────────────────────────────────── tidyverse_conflicts() ──
✖ dplyr::filter() masks stats::filter()
✖ dplyr::lag()    masks stats::lag()
ℹ Use the conflicted package (<http://conflicted.r-lib.org/>) to force all conflicts to become errors
Loading required package: viridisLite

Attaching package: ‘proxy’

The following objects are masked from ‘package:stats’:

    as.dist, dist

The following object is masked from ‘package:base’:

    as.matrix

corrplot 0.92 loaded
Welcome! Want to learn more? See two factoextra-related books at https://goo.gl/ve3WBa

Attaching package: ‘cowplot’

The following object is masked from ‘package:lubridate’:

    stamp

Warning messages:
1: did not converge in 10 iterations 
2: did not converge in 10 iterations 
3: did not converge in 10 iterations 
4: did not converge in 10 iterations 
There were 36 warnings (use warnings() to see them)
null device 
          1 
